<?xml version="1.0" encoding="UTF-8"?>
<!-- Generated by org.testng.reporters.JUnitXMLReporter -->
<testsuite hostname="TILAK" ignored="4" name="Test2" tests="4" failures="0" timestamp="11 Oct 2019 09:22:58 GMT" time="0.047" errors="0">
  <testcase name="testA" time="0.003" classname="testng.Test2"/>
  <testcase name="testB" time="0.003" classname="testng.Test2"/>
  <testcase name="testC" time="0.005" classname="testng.Test2"/>
  <testcase name="testD" time="0.003" classname="testng.Test2"/>
  <testcase name="@BeforeSuite bs" time="0.0" classname="testng.Test1">
    <ignored/>
  </testcase> <!-- @BeforeSuite bs -->
  <testcase name="@BeforeTest bt" time="0.0" classname="testng.Test1">
    <ignored/>
  </testcase> <!-- @BeforeTest bt -->
  <testcase name="@AfterSuite as" time="0.0" classname="testng.Test1">
    <ignored/>
  </testcase> <!-- @AfterSuite as -->
  <testcase name="@AfterTest at" time="0.0" classname="testng.Test1">
    <ignored/>
  </testcase> <!-- @AfterTest at -->
</testsuite> <!-- Test2 -->
