<?xml version="1.0" encoding="UTF-8"?>
<!-- Generated by org.testng.reporters.JUnitXMLReporter -->
<testsuite hostname="TILAK" ignored="3" name="Testregression" tests="1" failures="0" timestamp="16 Oct 2019 07:22:21 GMT" time="0.168" errors="0">
  <testcase name="login" time="0.03" classname="testng.Userops"/>
  <testcase name="createUser" time="0.0" classname="testng.Userops">
    <ignored/>
  </testcase> <!-- createUser -->
  <testcase name="edituser" time="0.0" classname="testng.Userops">
    <ignored/>
  </testcase> <!-- edituser -->
  <testcase name="deleteuser" time="0.0" classname="testng.Userops">
    <ignored/>
  </testcase> <!-- deleteuser -->
</testsuite> <!-- Testregression -->
